Build started 10/12/2018 01:28:39 ص.
     1>Project "C:\Users\hasan\documents\visual studio 2010\Projects\bashar_client\bashar_client\bashar_client.vcxproj" on node 2 (build target(s)).
     1>InitializeBuildStatus:
         Creating "Debug\bashar_client.unsuccessfulbuild" because "AlwaysCreate" was specified.
       ClCompile:
         C:\Program Files (x86)\Microsoft Visual Studio 10.0\VC\bin\CL.exe /c /ZI /nologo /W3 /WX- /Od /Oy- /D _MBCS /Gm /EHsc /RTC1 /MDd /GS /fp:precise /Zc:wchar_t /Zc:forScope /Fo"Debug\\" /Fd"Debug\vc100.pdb" /Gd /TP /analyze- /errorReport:prompt 1.cpp
         1.cpp
     1>c:\users\hasan\documents\visual studio 2010\projects\bashar_client\bashar_client\1.cpp(29): warning C4996: 'gets': This function or variable may be unsafe. Consider using gets_s instead. To disable deprecation, use _CRT_SECURE_NO_WARNINGS. See online help for details.
                 c:\program files (x86)\microsoft visual studio 10.0\vc\include\stdio.h(277) : see declaration of 'gets'
     1>c:\users\hasan\documents\visual studio 2010\projects\bashar_client\bashar_client\1.cpp(42): warning C4996: 'gets': This function or variable may be unsafe. Consider using gets_s instead. To disable deprecation, use _CRT_SECURE_NO_WARNINGS. See online help for details.
                 c:\program files (x86)\microsoft visual studio 10.0\vc\include\stdio.h(277) : see declaration of 'gets'
     1>c:\users\hasan\documents\visual studio 2010\projects\bashar_client\bashar_client\1.cpp(49): warning C4996: 'gets': This function or variable may be unsafe. Consider using gets_s instead. To disable deprecation, use _CRT_SECURE_NO_WARNINGS. See online help for details.
                 c:\program files (x86)\microsoft visual studio 10.0\vc\include\stdio.h(277) : see declaration of 'gets'
       Link:
         C:\Program Files (x86)\Microsoft Visual Studio 10.0\VC\bin\link.exe /ERRORREPORT:PROMPT /OUT:"C:\Users\hasan\documents\visual studio 2010\Projects\bashar_client\Debug\bashar_client.exe" /NOLOGO kernel32.lib user32.lib gdi32.lib winspool.lib comdlg32.lib advapi32.lib shell32.lib ole32.lib oleaut32.lib uuid.lib odbc32.lib odbccp32.lib /MANIFEST /ManifestFile:"Debug\bashar_client.exe.intermediate.manifest" /MANIFESTUAC:"level='asInvoker' uiAccess='false'" /DEBUG /PDB:"C:\Users\hasan\documents\visual studio 2010\Projects\bashar_client\Debug\bashar_client.pdb" /TLBID:1 /DYNAMICBASE /NXCOMPAT /IMPLIB:"C:\Users\hasan\documents\visual studio 2010\Projects\bashar_client\Debug\bashar_client.lib" /MACHINE:X86 Debug\1.obj
         LINK : C:\Users\hasan\documents\visual studio 2010\Projects\bashar_client\Debug\bashar_client.exe not found or not built by the last incremental link; performing full link
         bashar_client.vcxproj -> C:\Users\hasan\documents\visual studio 2010\Projects\bashar_client\Debug\bashar_client.exe
       Manifest:
         C:\Program Files (x86)\Microsoft SDKs\Windows\v7.0A\bin\mt.exe /nologo /verbose /outputresource:"C:\Users\hasan\documents\visual studio 2010\Projects\bashar_client\Debug\bashar_client.exe;#1" /manifest Debug\bashar_client.exe.intermediate.manifest
       FinalizeBuildStatus:
         Deleting file "Debug\bashar_client.unsuccessfulbuild".
         Touching "Debug\bashar_client.lastbuildstate".
     1>Done Building Project "C:\Users\hasan\documents\visual studio 2010\Projects\bashar_client\bashar_client\bashar_client.vcxproj" (build target(s)).

Build succeeded.

Time Elapsed 00:00:07.18
