Build started 01/12/2018 10:25:59 م.
     1>Project "c:\Users\hasan\documents\visual studio 2010\Projects\bashar_server\bashar_server\bashar_server.vcxproj" on node 2 (build target(s)).
     1>InitializeBuildStatus:
         Creating "Debug\bashar_server.unsuccessfulbuild" because "AlwaysCreate" was specified.
       ClCompile:
         C:\Program Files (x86)\Microsoft Visual Studio 10.0\VC\bin\CL.exe /c /ZI /nologo /W3 /WX- /Od /Oy- /D _MBCS /Gm /EHsc /RTC1 /MDd /GS /fp:precise /Zc:wchar_t /Zc:forScope /Fo"Debug\\" /Fd"Debug\vc100.pdb" /Gd /TP /analyze- /errorReport:prompt 1.cpp
         1.cpp
     1>c:\users\hasan\documents\visual studio 2010\projects\bashar_server\bashar_server\1.cpp(35): warning C4996: 'itoa': The POSIX name for this item is deprecated. Instead, use the ISO C++ conformant name: _itoa. See online help for details.
                 c:\program files (x86)\microsoft visual studio 10.0\vc\include\stdlib.h(867) : see declaration of 'itoa'
     1>c:\users\hasan\documents\visual studio 2010\projects\bashar_server\bashar_server\1.cpp(36): warning C4996: 'strcat': This function or variable may be unsafe. Consider using strcat_s instead. To disable deprecation, use _CRT_SECURE_NO_WARNINGS. See online help for details.
                 c:\program files (x86)\microsoft visual studio 10.0\vc\include\string.h(110) : see declaration of 'strcat'
     1>c:\users\hasan\documents\visual studio 2010\projects\bashar_server\bashar_server\1.cpp(37): warning C4996: 'strcat': This function or variable may be unsafe. Consider using strcat_s instead. To disable deprecation, use _CRT_SECURE_NO_WARNINGS. See online help for details.
                 c:\program files (x86)\microsoft visual studio 10.0\vc\include\string.h(110) : see declaration of 'strcat'
     1>c:\users\hasan\documents\visual studio 2010\projects\bashar_server\bashar_server\1.cpp(54): warning C4101: 'message' : unreferenced local variable
     1>c:\users\hasan\documents\visual studio 2010\projects\bashar_server\bashar_server\1.cpp(54): warning C4101: 'server_reply' : unreferenced local variable
       Link:
         C:\Program Files (x86)\Microsoft Visual Studio 10.0\VC\bin\link.exe /ERRORREPORT:PROMPT /OUT:"c:\users\hasan\documents\visual studio 2010\Projects\bashar_server\Debug\bashar_server.exe" /NOLOGO kernel32.lib user32.lib gdi32.lib winspool.lib comdlg32.lib advapi32.lib shell32.lib ole32.lib oleaut32.lib uuid.lib odbc32.lib odbccp32.lib /MANIFEST /ManifestFile:"Debug\bashar_server.exe.intermediate.manifest" /MANIFESTUAC:"level='asInvoker' uiAccess='false'" /DEBUG /PDB:"c:\users\hasan\documents\visual studio 2010\Projects\bashar_server\Debug\bashar_server.pdb" /TLBID:1 /DYNAMICBASE /NXCOMPAT /IMPLIB:"c:\users\hasan\documents\visual studio 2010\Projects\bashar_server\Debug\bashar_server.lib" /MACHINE:X86 Debug\1.obj
         LINK : c:\users\hasan\documents\visual studio 2010\Projects\bashar_server\Debug\bashar_server.exe not found or not built by the last incremental link; performing full link
         bashar_server.vcxproj -> c:\users\hasan\documents\visual studio 2010\Projects\bashar_server\Debug\bashar_server.exe
       Manifest:
         C:\Program Files (x86)\Microsoft SDKs\Windows\v7.0A\bin\mt.exe /nologo /verbose /outputresource:"c:\users\hasan\documents\visual studio 2010\Projects\bashar_server\Debug\bashar_server.exe;#1" /manifest Debug\bashar_server.exe.intermediate.manifest
       FinalizeBuildStatus:
         Deleting file "Debug\bashar_server.unsuccessfulbuild".
         Touching "Debug\bashar_server.lastbuildstate".
     1>Done Building Project "c:\Users\hasan\documents\visual studio 2010\Projects\bashar_server\bashar_server\bashar_server.vcxproj" (build target(s)).

Build succeeded.

Time Elapsed 00:00:20.15
